#0 building with "default" instance using docker driver

#1 [internal] load build definition from Dockerfile
#1 transferring dockerfile: 336B done
#1 DONE 0.0s

#2 [auth] library/alpine:pull token for registry-1.docker.io
#2 DONE 0.0s

#3 [auth] library/golang:pull token for registry-1.docker.io
#3 DONE 0.0s

#4 [internal] load metadata for docker.io/library/golang:1.21-alpine
#4 DONE 0.5s

#5 [internal] load metadata for docker.io/library/alpine:latest
#5 DONE 0.5s

#6 [internal] load .dockerignore
#6 transferring context: 2B done
#6 DONE 0.0s

#7 [internal] load build context
#7 transferring context: 9.06kB done
#7 DONE 0.0s

#8 [builder 1/6] FROM docker.io/library/golang:1.21-alpine@sha256:2414035b086e3c42b99654c8b26e6f5b1b1598080d65fd03c7f499552ff4dc94
#8 resolve docker.io/library/golang:1.21-alpine@sha256:2414035b086e3c42b99654c8b26e6f5b1b1598080d65fd03c7f499552ff4dc94 done
#8 extracting sha256:c6a83fedfae6ed8a4f5f7cbb6a7b6f1c1ec3d86fea8cb9e5ba2e5e6673fde9f6
#8 sha256:c6a83fedfae6ed8a4f5f7cbb6a7b6f1c1ec3d86fea8cb9e5ba2e5e6673fde9f6 3.62MB / 3.62MB 0.1s done
#8 sha256:41db7493d1c6f3f26428d119962e3862c14a9e20bb0b8fefc36e7282d015d099 290.89kB / 290.89kB 0.1s done
#8 sha256:54bf7053e2d96c2c7f4637ad7580bd64345b3c9fabb163e1fdb8894aea8a9af0 25.17MB / 67.01MB 0.2s
#8 sha256:4579008f8500d429ec007d092329191009711942d9380d060c8d9bd24c0c352c 126B / 126B 0.1s done
#8 sha256:2414035b086e3c42b99654c8b26e6f5b1b1598080d65fd03c7f499552ff4dc94 10.30kB / 10.30kB done
#8 sha256:8ee9b9e11ef79e314a7584040451a6df8e72a66712e741bf75951e05e587404e 1.92kB / 1.92kB done
#8 sha256:c2321c7cf7210be837249dba0f3699fad6ddbb5718e70344b28c0d58feff4c0b 2.10kB / 2.10kB done
#8 sha256:4f4fb700ef54461cfa02571ae0db9a0dc1e0cdb5577484a6d75e68dc38e8acc1 32B / 32B 0.2s done
#8 extracting sha256:c6a83fedfae6ed8a4f5f7cbb6a7b6f1c1ec3d86fea8cb9e5ba2e5e6673fde9f6 0.1s done
#8 sha256:54bf7053e2d96c2c7f4637ad7580bd64345b3c9fabb163e1fdb8894aea8a9af0 52.43MB / 67.01MB 0.3s
#8 extracting sha256:41db7493d1c6f3f26428d119962e3862c14a9e20bb0b8fefc36e7282d015d099
#8 sha256:54bf7053e2d96c2c7f4637ad7580bd64345b3c9fabb163e1fdb8894aea8a9af0 67.01MB / 67.01MB 0.4s
#8 extracting sha256:41db7493d1c6f3f26428d119962e3862c14a9e20bb0b8fefc36e7282d015d099 0.1s done
#8 sha256:54bf7053e2d96c2c7f4637ad7580bd64345b3c9fabb163e1fdb8894aea8a9af0 67.01MB / 67.01MB 0.4s done
#8 ...

#9 [stage-1 1/4] FROM docker.io/library/alpine:latest@sha256:25109184c71bdad752c8312a8623239686a9a2071e8825f20acb8f2198c3f659
#9 resolve docker.io/library/alpine:latest@sha256:25109184c71bdad752c8312a8623239686a9a2071e8825f20acb8f2198c3f659 done
#9 sha256:a40c03cbb81c59bfb0e0887ab0b1859727075da7b9cc576a1cec2c771f38c5fb 611B / 611B done
#9 sha256:25109184c71bdad752c8312a8623239686a9a2071e8825f20acb8f2198c3f659 9.22kB / 9.22kB done
#9 sha256:59855d3dceb3ae53991193bd03301e082b2a7faa56a514b03527ae0ec2ce3a95 1.02kB / 1.02kB done
#9 sha256:589002ba0eaed121a1dbf42f6648f29e5be55d5c8a6ee0f8eaa0285cc21ac153 3.86MB / 3.86MB 0.2s done
#9 extracting sha256:589002ba0eaed121a1dbf42f6648f29e5be55d5c8a6ee0f8eaa0285cc21ac153 0.2s done
#9 DONE 1.1s

#8 [builder 1/6] FROM docker.io/library/golang:1.21-alpine@sha256:2414035b086e3c42b99654c8b26e6f5b1b1598080d65fd03c7f499552ff4dc94
#8 extracting sha256:54bf7053e2d96c2c7f4637ad7580bd64345b3c9fabb163e1fdb8894aea8a9af0 0.1s
#8 ...

#10 [stage-1 2/4] RUN apk --no-cache add ca-certificates
#10 0.846 (1/1) Installing ca-certificates (20251003-r0)
#10 0.870 Executing busybox-1.37.0-r30.trigger
#10 0.875 Executing ca-certificates-20251003-r0.trigger
#10 0.951 OK: 8473 KiB in 17 packages
#10 DONE 1.3s

#11 [stage-1 3/4] WORKDIR /app
#11 DONE 0.1s

#8 [builder 1/6] FROM docker.io/library/golang:1.21-alpine@sha256:2414035b086e3c42b99654c8b26e6f5b1b1598080d65fd03c7f499552ff4dc94
#8 extracting sha256:54bf7053e2d96c2c7f4637ad7580bd64345b3c9fabb163e1fdb8894aea8a9af0 3.6s done
#8 extracting sha256:4579008f8500d429ec007d092329191009711942d9380d060c8d9bd24c0c352c
#8 extracting sha256:4579008f8500d429ec007d092329191009711942d9380d060c8d9bd24c0c352c done
#8 extracting sha256:4f4fb700ef54461cfa02571ae0db9a0dc1e0cdb5577484a6d75e68dc38e8acc1 done
#8 DONE 5.4s

#12 [builder 2/6] WORKDIR /app
#12 DONE 0.0s

#13 [builder 3/6] COPY go.mod go.sum ./
#13 DONE 0.0s

#14 [builder 4/6] RUN go mod download
#14 0.115 go: no module dependencies to download
#14 DONE 0.1s

#15 [builder 5/6] COPY . .
#15 DONE 0.0s

#16 [builder 6/6] RUN CGO_ENABLED=0 GOOS=linux go build -o server .
#16 DONE 13.5s

#17 [stage-1 4/4] COPY --from=builder /app/server .
#17 DONE 0.0s

#18 exporting to image
#18 exporting layers
#18 exporting layers 0.5s done
#18 writing image sha256:b7a311fc86333bf69221578728be824683d5a3b2543a5b60f869134dddfe422d done
#18 naming to docker.io/library/agw-e2e-server:latest done
#18 DONE 0.5s
#0 building with "default" instance using docker driver

#1 [internal] load build definition from Dockerfile
#1 transferring dockerfile: 318B done
#1 DONE 0.0s

#2 [internal] load metadata for docker.io/library/golang:1.21-alpine
#2 DONE 0.1s

#3 [internal] load metadata for docker.io/library/alpine:latest
#3 DONE 0.1s

#4 [internal] load .dockerignore
#4 transferring context: 2B done
#4 DONE 0.0s

#5 [stage-1 1/4] FROM docker.io/library/alpine:latest@sha256:25109184c71bdad752c8312a8623239686a9a2071e8825f20acb8f2198c3f659
#5 DONE 0.0s

#6 [builder 1/6] FROM docker.io/library/golang:1.21-alpine@sha256:2414035b086e3c42b99654c8b26e6f5b1b1598080d65fd03c7f499552ff4dc94
#6 DONE 0.0s

#7 [stage-1 2/4] RUN apk --no-cache add ca-certificates
#7 CACHED

#8 [stage-1 3/4] WORKDIR /app
#8 CACHED

#9 [internal] load build context
#9 transferring context: 4.42kB done
#9 DONE 0.0s

#10 [builder 2/6] WORKDIR /app
#10 CACHED

#11 [builder 3/6] COPY go.mod go.sum ./
#11 DONE 0.0s

#12 [builder 4/6] RUN go mod download
#12 0.114 go: no module dependencies to download
#12 DONE 0.1s

#13 [builder 5/6] COPY . .
#13 DONE 0.0s

#14 [builder 6/6] RUN CGO_ENABLED=0 GOOS=linux go build -o client .
#14 DONE 14.0s

#15 [stage-1 4/4] COPY --from=builder /app/client .
#15 DONE 0.0s

#16 exporting to image
#16 exporting layers
#16 exporting layers 0.6s done
#16 writing image sha256:1dcde72be2621cb5cf6a86ff2cdd9bda2d3cfaf9f923670e5da34a9bb1c43828 done
#16 naming to docker.io/library/agw-e2e-client:latest done
#16 DONE 0.6s
